        -:    0:Source:C:/Desktop/Examen/domain.cpp
        -:    0:Graph:C:\Desktop\Examen\cmake-build-debug-coverage\CMakeFiles\Examen.dir\domain.cpp.gcno
        -:    0:Data:C:\Desktop\Examen\cmake-build-debug-coverage\CMakeFiles\Examen.dir\domain.cpp.gcda
        -:    0:Runs:1
        -:    1://
        -:    2:// Created by Daniel on 08.06.2022.
        -:    3://
        -:    4:
        -:    5:#include "domain.h"
        -:    6:
       47:    7:Joc::Joc(int id, int dim, const string &tabla, const string &jucator, const string &stare) : id(id), dim(dim),
       47:    8:                                                                                             jucator(jucator),
       47:    9:                                                                                             tabla(tabla),
       47:   10:                                                                                             stare(stare) {}
        -:   11:
       18:   12:int Joc::getId() const {
       18:   13:    return id;
        -:   14:}
        -:   15:
       11:   16:int Joc::getDim() const {
       11:   17:    return dim;
        -:   18:}
        -:   19:
        3:   20:const string &Joc::getJucator() const {
        3:   21:    return jucator;
        -:   22:}
        -:   23:
        5:   24:const string &Joc::getTabla() const {
        5:   25:    return tabla;
        -:   26:}
        -:   27:
        6:   28:const string &Joc::getStare() const {
        6:   29:    return stare;
        -:   30:}
        -:   31:
       29:   32:bool Joc::operator==(const Joc &rhs) const {
       29:   33:    return id == rhs.id;
        -:   34:}
        -:   35:
        1:   36:bool Joc::operator!=(const Joc &rhs) const {
        1:   37:    return !(rhs == *this);
        -:   38:}
        -:   39:
        1:   40:bool Joc::operator<(const Joc &rhs) const {
        1:   41:    return stare < rhs.stare;
        -:   42:}
        -:   43:
       24:   44:std::ostream &operator<<(std::ostream &os, const Joc &joc) {
       24:   45:    os <<joc.id<<' '<<joc.dim<<' '<<joc.tabla<<' '<<joc.jucator<<' '<<joc.stare;
       24:   46:    return os;
        -:   47:}
        -:   48:
      130:   49:std::istream &operator>>(std::istream &is, Joc &joc) {
      130:   50:    string line;
      130:   51:    std::getline(is, line);
      130:   52:    std::istringstream sin(line);
      130:   53:    sin>>joc.id>>joc.dim>>joc.tabla>>joc.jucator;
      130:   54:    std::getline(sin, joc.stare);
      224:   55:    while(joc.stare[0] == ' ')
       94:   56:        joc.stare = joc.stare.substr(1);
      130:   57:    return is;
      130:   58:}
        -:   59:
        8:   60:string Joc::getPoz(int row, int col) const {
        8:   61:    string rez;
        8:   62:    rez+=tabla[row*dim+col];
        8:   63:    return rez;
    =====:   64:}
        -:   65:
        2:   66:void Joc::setPoz(int row, int col, string state) {
        2:   67:    tabla[row*dim+col] = state[0];
        2:   68:}
        -:   69:
        2:   70:void Joc::setJucator(const string &jucator) {
        2:   71:    Joc::jucator = jucator;
        2:   72:}
        -:   73:
        3:   74:void Joc::setStare(const string &stare) {
        3:   75:    Joc::stare = stare;
        3:   76:}
        -:   77:
        -:   78:
